<?xml version="1.0" encoding="UTF-8"?>
<!-- Generated by org.testng.reporters.JUnitReportReporter -->
<testsuite hostname="DESKTOP-H7NF6N5" name="com.qa.MyStore.Test_Cases.Order_Page_Test" tests="1" failures="0" timestamp="3 May 2019 17:56:04 GMT" time="37.937" errors="0">
  <testcase name="product_order_Test" time="37.937" classname="com.qa.MyStore.Test_Cases.Order_Page_Test"/>
</testsuite> <!-- com.qa.MyStore.Test_Cases.Order_Page_Test -->
