<?xml version="1.0" encoding="UTF-8"?>
<!-- Generated by org.testng.reporters.JUnitReportReporter -->
<testsuite hostname="DESKTOP-H7NF6N5" name="com.qa.MyStore.Test_Cases.Login_Page_Test" tests="3" failures="0" timestamp="2 May 2019 13:57:09 GMT" time="44.776" errors="0">
  <testcase name="ValidateLogin_Title_Test" time="14.497" classname="com.qa.MyStore.Test_Cases.Login_Page_Test"/>
  <testcase name="ValidateLogo_Display_Test" time="12.540" classname="com.qa.MyStore.Test_Cases.Login_Page_Test"/>
  <testcase name="login_Test" time="17.739" classname="com.qa.MyStore.Test_Cases.Login_Page_Test"/>
</testsuite> <!-- com.qa.MyStore.Test_Cases.Login_Page_Test -->
