<?xml version="1.0" encoding="UTF-8"?>
<!-- Generated by org.testng.reporters.JUnitReportReporter -->
<testsuite hostname="DESKTOP-H7NF6N5" name="com.qa.MyStore.Test_Cases.Home_Page_Test" tests="1" failures="0" timestamp="2 May 2019 13:57:09 GMT" time="16.503" errors="0">
  <testcase name="login_username_link_Test" time="16.503" classname="com.qa.MyStore.Test_Cases.Home_Page_Test"/>
</testsuite> <!-- com.qa.MyStore.Test_Cases.Home_Page_Test -->
